GROUP,PACKAGE,CLASS,INSTRUCTION_MISSED,INSTRUCTION_COVERED,BRANCH_MISSED,BRANCH_COVERED,LINE_MISSED,LINE_COVERED,COMPLEXITY_MISSED,COMPLEXITY_COVERED,METHOD_MISSED,METHOD_COVERED
beemediate,com.beemediate.beemediate.infrastructure.filesystem,XlsxAdapter,14,83,1,3,4,18,1,4,0,3
beemediate,com.beemediate.beemediate.domain.pojo.order,QuantityFieldValue,0,44,0,0,0,2,0,1,0,1
beemediate,com.beemediate.beemediate.domain.pojo.order,OrderStructure,32,44,0,0,5,15,1,8,1,8
beemediate,com.beemediate.beemediate.domain.pojo.order,OrderSummary,7,14,0,0,3,5,1,4,1,4
beemediate,com.beemediate.beemediate.domain.pojo.order,OrderHeader,80,137,0,0,13,49,1,24,1,24
beemediate,com.beemediate.beemediate.domain.pojo.order,Order,88,33,16,0,24,7,25,2,17,2
beemediate,com.beemediate.beemediate.domain.pojo.order,OrderItem,0,77,0,0,0,27,0,14,0,14
beemediate,com.beemediate.beemediate,BeemediateApplication,5,3,0,0,2,1,1,1,1,1
beemediate,com.beemediate.beemediate.infrastructure.odoo.dto,CompagniaDTO,0,90,0,6,0,15,0,8,0,5
beemediate,com.beemediate.beemediate.infrastructure.odoo.dto,ConsegnaDTO,0,93,0,6,0,15,0,8,0,5
beemediate,com.beemediate.beemediate.infrastructure.odoo.dto,ProdottoFornitoreDTO,0,314,0,20,0,42,0,20,0,10
beemediate,com.beemediate.beemediate.infrastructure.odoo.dto,IdentifierDTO,0,29,0,0,0,7,0,4,0,4
beemediate,com.beemediate.beemediate.infrastructure.odoo.dto,PreventivoDTO,0,320,0,8,0,43,0,19,0,15
beemediate,com.beemediate.beemediate.infrastructure.odoo.dto,DestinazioneDTO,0,90,0,6,0,15,0,8,0,5
beemediate,com.beemediate.beemediate.infrastructure.odoo.dto,ContattoConsegnaDTO,0,93,0,6,0,15,0,8,0,5
beemediate,com.beemediate.beemediate.infrastructure.odoo.dto,ProdottoDTO,0,157,0,12,0,26,0,11,0,5
beemediate,com.beemediate.beemediate.infrastructure.odoo.dto,ArticoloPreventivoDTO,0,150,0,10,0,24,0,12,0,7
beemediate,com.beemediate.beemediate.infrastructure.odoo.dto,FornitoreDTO,0,123,0,4,0,18,0,8,0,6
beemediate,com.beemediate.beemediate.infrastructure.odoo.mapper,AttributeMapper,0,85,0,14,0,16,0,14,0,7
beemediate,com.beemediate.beemediate.infrastructure.odoo.mapper,OrderMapper,0,341,0,28,0,67,0,17,0,3
beemediate,com.beemediate.beemediate.domain.service.validator.impl,OaFValidator,282,24,51,1,51,6,35,2,9,2
beemediate,com.beemediate.beemediate.infrastructure.ftp,FTPWriter,146,14,0,0,27,5,4,2,4,2
beemediate,com.beemediate.beemediate.infrastructure.ftp,FTPReader,163,15,14,0,31,5,16,1,9,1
beemediate,com.beemediate.beemediate.domain.exceptions,EmptyArrayException,4,0,0,0,2,0,1,0,1,0
beemediate,com.beemediate.beemediate.domain.exceptions,UnreachableThresholdException,4,0,0,0,2,0,1,0,1,0
beemediate,com.beemediate.beemediate.domain.utils,BoundedBuffer,94,14,14,0,20,5,14,2,7,2
beemediate,com.beemediate.beemediate.domain.utils,StringHandler,531,0,158,0,108,0,89,0,10,0
beemediate,com.beemediate.beemediate.infrastructure.odoo.config,OdooApiConfig.OafStatus,0,70,0,0,0,10,0,3,0,3
beemediate,com.beemediate.beemediate.infrastructure.odoo.config,OdooApiConfig,278,30,0,0,35,7,7,1,7,1
beemediate,com.beemediate.beemediate.controller.http.impl,ManagerRestController,59,10,2,0,16,4,3,1,2,1
beemediate,com.beemediate.beemediate.infrastructure.ftp.dto.order,XmlOrderInfo,105,0,0,0,28,0,6,0,6,0
beemediate,com.beemediate.beemediate.infrastructure.ftp.dto.order,XmlOrder,51,0,0,0,20,0,10,0,10,0
beemediate,com.beemediate.beemediate.infrastructure.ftp.dto.order,XmlItem,40,0,0,0,13,0,5,0,5,0
beemediate,com.beemediate.beemediate.infrastructure.ftp.dto.order,XmlOrderHeader.XmlAgreement,16,0,0,0,6,0,3,0,3,0
beemediate,com.beemediate.beemediate.infrastructure.ftp.dto.order,XmlOrderSummary,10,0,0,0,4,0,2,0,2,0
beemediate,com.beemediate.beemediate.infrastructure.ftp.dto.order,XmlOrderHeader,19,0,0,0,5,0,2,0,2,0
beemediate,com.beemediate.beemediate.infrastructure.ftp.dto.confirmation,XmlProductPriceFix,31,0,0,0,13,0,9,0,9,0
beemediate,com.beemediate.beemediate.infrastructure.ftp.dto.confirmation,XmlOrderResponseInfo,73,0,0,0,31,0,21,0,21,0
beemediate,com.beemediate.beemediate.infrastructure.ftp.dto.confirmation,XmlTaxDetailsFix,17,0,0,0,7,0,5,0,5,0
beemediate,com.beemediate.beemediate.infrastructure.ftp.dto.confirmation,XmlAOCValue,10,0,0,0,4,0,3,0,3,0
beemediate,com.beemediate.beemediate.infrastructure.ftp.dto.confirmation,XmlOrderResponseHeader,17,0,0,0,7,0,5,0,5,0
beemediate,com.beemediate.beemediate.infrastructure.ftp.dto.confirmation,XmlAllowOrCharge,23,0,0,0,9,0,7,0,7,0
beemediate,com.beemediate.beemediate.infrastructure.ftp.dto.confirmation,XmlOrderResponseItem,66,0,0,0,28,0,19,0,19,0
beemediate,com.beemediate.beemediate.infrastructure.ftp.dto.confirmation,XmlRemarks,17,0,0,0,7,0,5,0,5,0
beemediate,com.beemediate.beemediate.infrastructure.ftp.dto.confirmation,XmlOrderResponse,64,0,0,0,26,0,15,0,15,0
beemediate,com.beemediate.beemediate.infrastructure.ftp.dto.confirmation,XmlPriceBaseFix,17,0,0,0,7,0,5,0,5,0
beemediate,com.beemediate.beemediate.infrastructure.ftp.dto.confirmation,XmlControlInfo,17,0,0,0,7,0,5,0,5,0
beemediate,com.beemediate.beemediate.infrastructure.ftp.dto.confirmation,XmlProductFeature,24,0,0,0,10,0,7,0,7,0
beemediate,com.beemediate.beemediate.infrastructure.ftp.dto.confirmation,XmlOrderResponseSummary,24,0,0,0,10,0,7,0,7,0
beemediate,com.beemediate.beemediate.infrastructure.ftp.dto.commons,XmlPartyID,33,0,0,0,14,0,7,0,7,0
beemediate,com.beemediate.beemediate.infrastructure.ftp.dto.commons,XmlShipmentPartiesReference,16,0,0,0,7,0,4,0,4,0
beemediate,com.beemediate.beemediate.infrastructure.ftp.dto.commons,PartyType,37,0,0,0,6,0,3,0,3,0
beemediate,com.beemediate.beemediate.infrastructure.ftp.dto.commons,XmlAddress,42,0,0,0,15,0,8,0,8,0
beemediate,com.beemediate.beemediate.infrastructure.ftp.dto.commons,XmlParty,33,0,0,0,14,0,8,0,8,0
beemediate,com.beemediate.beemediate.infrastructure.ftp.dto.commons,XmlOrderPartiesReference,51,0,0,0,16,0,8,0,8,0
beemediate,com.beemediate.beemediate.infrastructure.ftp.dto.commons,BuyerID,22,0,0,0,9,0,5,0,5,0
beemediate,com.beemediate.beemediate.infrastructure.ftp.dto.commons,DeliveryDateType,37,0,0,0,6,0,3,0,3,0
beemediate,com.beemediate.beemediate.infrastructure.ftp.dto.commons,XmlDeliveryDate,37,0,0,0,15,0,8,0,8,0
beemediate,com.beemediate.beemediate.infrastructure.ftp.dto.commons,XmlProductID,52,0,6,0,17,0,11,0,8,0
beemediate,com.beemediate.beemediate.infrastructure.ftp.exceptions,NullSuppliedArgumentException,0,4,0,0,0,2,0,1,0,1
beemediate,com.beemediate.beemediate.infrastructure.ftp.exceptions,WrongPathException,4,0,0,0,2,0,1,0,1,0
beemediate,com.beemediate.beemediate.infrastructure.odoo.exceptions,EmptyFetchException,0,4,0,0,0,2,0,1,0,1
beemediate,com.beemediate.beemediate.infrastructure.odoo.exceptions,InconsistentDTOException,0,4,0,0,0,2,0,1,0,1
beemediate,com.beemediate.beemediate.infrastructure.ftp.mapper,DataMapper,138,0,0,0,41,0,6,0,6,0
beemediate,com.beemediate.beemediate.domain.service,OaFBuffer,60,18,12,0,17,6,8,2,2,2
beemediate,com.beemediate.beemediate.domain.service,OaFBatchManager,93,23,21,1,23,8,13,1,2,1
beemediate,com.beemediate.beemediate.domain.pojo.confirmation,ConfirmationStructure,177,0,0,0,60,0,29,0,29,0
beemediate,com.beemediate.beemediate.domain.pojo.confirmation,Confirmation,18,0,0,0,6,0,3,0,3,0
beemediate,com.beemediate.beemediate.infrastructure.odoo,OdooDataSender,7,419,3,11,0,94,3,15,0,11
beemediate,com.beemediate.beemediate.infrastructure.odoo,OdooOrderProvider,0,214,0,8,0,46,0,9,0,5
beemediate,com.beemediate.beemediate.infrastructure.ftp.config,FTPConfig,15,37,2,2,4,12,5,3,3,3
